[debug] [2025-08-27T20:27:14.368Z] ----------------------------------------------------------------------
[debug] [2025-08-27T20:27:14.370Z] Command:       /usr/bin/node /usr/local/bin/firebase init
[debug] [2025-08-27T20:27:14.370Z] CLI Version:   14.15.0
[debug] [2025-08-27T20:27:14.370Z] Platform:      linux
[debug] [2025-08-27T20:27:14.370Z] Node Version:  v20.19.2
[debug] [2025-08-27T20:27:14.370Z] Time:          Wed Aug 27 2025 20:27:14 GMT+0000 (Coordinated Universal Time)
[debug] [2025-08-27T20:27:14.371Z] ----------------------------------------------------------------------
[debug] 
[debug] [2025-08-27T20:27:14.374Z] > command requires scopes: ["email","openid","https://www.googleapis.com/auth/cloudplatformprojects.readonly","https://www.googleapis.com/auth/firebase","https://www.googleapis.com/auth/cloud-platform"]
[debug] [2025-08-27T20:27:14.374Z] > authorizing via signed-in user (samr03257@gmail.com)
[info] 
     ######## #### ########  ######## ########     ###     ######  ########
     ##        ##  ##     ## ##       ##     ##  ##   ##  ##       ##
     ######    ##  ########  ######   ########  #########  ######  ######
     ##        ##  ##    ##  ##       ##     ## ##     ##       ## ##
     ##       #### ##     ## ######## ########  ##     ##  ######  ########

You're about to initialize a Firebase project in this directory:

  /home/mrblue/website/website2/Shadow_store

[debug] [2025-08-27T20:27:47.393Z] ExitPromptError: User force closed the prompt with SIGINT
    at Interface.sigint (/usr/local/lib/node_modules/firebase-tools/node_modules/@inquirer/core/dist/commonjs/lib/create-prompt.js:101:37)
    at Interface.emit (node:events:524:28)
    at Interface.emit (node:domain:489:12)
    at [_ttyWrite] [as _ttyWrite] (node:internal/readline/interface:1125:18)
    at ReadStream.onkeypress (node:internal/readline/interface:264:20)
    at ReadStream.emit (node:events:536:35)
    at ReadStream.emit (node:domain:489:12)
    at emitKeys (node:internal/readline/utils:371:14)
    at emitKeys.next (<anonymous>)
    at ReadStream.onData (node:internal/readline/emitKeypressEvents:64:36)
[error] 
[error] Error: An unexpected error has occurred.
[debug] [2025-08-27T20:27:50.239Z] ----------------------------------------------------------------------
[debug] [2025-08-27T20:27:50.241Z] Command:       /usr/bin/node /usr/local/bin/firebase init
[debug] [2025-08-27T20:27:50.241Z] CLI Version:   14.15.0
[debug] [2025-08-27T20:27:50.241Z] Platform:      linux
[debug] [2025-08-27T20:27:50.241Z] Node Version:  v20.19.2
[debug] [2025-08-27T20:27:50.242Z] Time:          Wed Aug 27 2025 20:27:50 GMT+0000 (Coordinated Universal Time)
[debug] [2025-08-27T20:27:50.242Z] ----------------------------------------------------------------------
[debug] 
[debug] [2025-08-27T20:27:50.245Z] > command requires scopes: ["email","openid","https://www.googleapis.com/auth/cloudplatformprojects.readonly","https://www.googleapis.com/auth/firebase","https://www.googleapis.com/auth/cloud-platform"]
[debug] [2025-08-27T20:27:50.245Z] > authorizing via signed-in user (samr03257@gmail.com)
[info] 
     ######## #### ########  ######## ########     ###     ######  ########
     ##        ##  ##     ## ##       ##     ##  ##   ##  ##       ##
     ######    ##  ########  ######   ########  #########  ######  ######
     ##        ##  ##    ##  ##       ##     ## ##     ##       ## ##
     ##       #### ##     ## ######## ########  ##     ##  ######  ########

You're about to initialize a Firebase project in this directory:

  /home/mrblue/website/website2/Shadow_store

[debug] [2025-08-27T20:31:24.201Z] ExitPromptError: User force closed the prompt with SIGINT
    at Interface.sigint (/usr/local/lib/node_modules/firebase-tools/node_modules/@inquirer/core/dist/commonjs/lib/create-prompt.js:101:37)
    at Interface.emit (node:events:524:28)
    at Interface.emit (node:domain:489:12)
    at [_ttyWrite] [as _ttyWrite] (node:internal/readline/interface:1125:18)
    at ReadStream.onkeypress (node:internal/readline/interface:264:20)
    at ReadStream.emit (node:events:536:35)
    at ReadStream.emit (node:domain:489:12)
    at emitKeys (node:internal/readline/utils:371:14)
    at emitKeys.next (<anonymous>)
    at ReadStream.onData (node:internal/readline/emitKeypressEvents:64:36)
[error] 
[error] Error: An unexpected error has occurred.
